2025-01-16 05:21:14,590 DEBUG    root            Loaded Command Group: ['gcloud', 'components']
2025-01-16 05:21:14,596 DEBUG    root            Loaded Command Group: ['gcloud', 'components', 'update']
2025-01-16 05:21:14,598 DEBUG    root            Running [gcloud.components.update] with arguments: []
2025-01-16 05:21:16,087 INFO     ___FILE_ONLY___ Beginning update. This process may take several minutes.

2025-01-16 05:21:16,098 DEBUG    root            (gcloud.components.update) 
You cannot perform this action because the Google Cloud CLI component manager 
is disabled for this installation. You can run the following command 
to achieve the same result for this installation: 

sudo apt-get update && sudo apt-get --only-upgrade install google-cloud-cli-docker-credential-gcr google-cloud-cli-app-engine-python-extras google-cloud-cli google-cloud-cli-istioctl google-cloud-cli-enterprise-certificate-proxy google-cloud-cli-config-connector google-cloud-cli-kubectl-oidc google-cloud-cli-spanner-migration-tool google-cloud-cli-anthoscli google-cloud-cli-nomos google-cloud-cli-app-engine-python google-cloud-cli-kpt google-cloud-cli-terraform-tools google-cloud-cli-cloud-run-proxy google-cloud-cli-managed-flink-client google-cloud-cli-local-extract google-cloud-cli-minikube google-cloud-cli-cloud-build-local google-cloud-cli-app-engine-go google-cloud-cli-gke-gcloud-auth-plugin google-cloud-cli-anthos-auth google-cloud-cli-harbourbridge google-cloud-cli-log-streaming google-cloud-cli-skaffold google-cloud-cli-app-engine-java google-cloud-cli-bigtable-emulator google-cloud-cli-spanner-emulator kubectl google-cloud-cli-firestore-emulator google-cloud-cli-cbt google-cloud-cli-pubsub-emulator google-cloud-cli-app-engine-grpc google-cloud-cli-datastore-emulator google-cloud-cli-package-go-module

Traceback (most recent call last):
  File "/usr/bin/../lib/google-cloud-sdk/lib/googlecloudsdk/calliope/cli.py", line 998, in Execute
    resources = calliope_command.Run(cli=self, args=args)
                ^^^^^^^^^^^^^^^^^^^^^^^^^^^^^^^^^^^^^^^^^
  File "/usr/bin/../lib/google-cloud-sdk/lib/googlecloudsdk/calliope/backend.py", line 934, in Run
    resources = command_instance.Run(args)
                ^^^^^^^^^^^^^^^^^^^^^^^^^^
  File "/usr/bin/../lib/google-cloud-sdk/lib/surface/components/update.py", line 119, in Run
    update_manager.Update(args.component_ids, version=args.version)
  File "/usr/bin/../lib/google-cloud-sdk/lib/googlecloudsdk/core/updater/update_manager.py", line 1000, in Update
    self._CheckIfDisabledAndThrowError(command='update-all')
  File "/usr/bin/../lib/google-cloud-sdk/lib/googlecloudsdk/core/updater/update_manager.py", line 602, in _CheckIfDisabledAndThrowError
    raise UpdaterDisabledError(mapping_message)
googlecloudsdk.core.updater.update_manager.UpdaterDisabledError: 
You cannot perform this action because the Google Cloud CLI component manager 
is disabled for this installation. You can run the following command 
to achieve the same result for this installation: 

sudo apt-get update && sudo apt-get --only-upgrade install google-cloud-cli-docker-credential-gcr google-cloud-cli-app-engine-python-extras google-cloud-cli google-cloud-cli-istioctl google-cloud-cli-enterprise-certificate-proxy google-cloud-cli-config-connector google-cloud-cli-kubectl-oidc google-cloud-cli-spanner-migration-tool google-cloud-cli-anthoscli google-cloud-cli-nomos google-cloud-cli-app-engine-python google-cloud-cli-kpt google-cloud-cli-terraform-tools google-cloud-cli-cloud-run-proxy google-cloud-cli-managed-flink-client google-cloud-cli-local-extract google-cloud-cli-minikube google-cloud-cli-cloud-build-local google-cloud-cli-app-engine-go google-cloud-cli-gke-gcloud-auth-plugin google-cloud-cli-anthos-auth google-cloud-cli-harbourbridge google-cloud-cli-log-streaming google-cloud-cli-skaffold google-cloud-cli-app-engine-java google-cloud-cli-bigtable-emulator google-cloud-cli-spanner-emulator kubectl google-cloud-cli-firestore-emulator google-cloud-cli-cbt google-cloud-cli-pubsub-emulator google-cloud-cli-app-engine-grpc google-cloud-cli-datastore-emulator google-cloud-cli-package-go-module


2025-01-16 05:21:16,107 ERROR    root            (gcloud.components.update) 
You cannot perform this action because the Google Cloud CLI component manager 
is disabled for this installation. You can run the following command 
to achieve the same result for this installation: 

sudo apt-get update && sudo apt-get --only-upgrade install google-cloud-cli-docker-credential-gcr google-cloud-cli-app-engine-python-extras google-cloud-cli google-cloud-cli-istioctl google-cloud-cli-enterprise-certificate-proxy google-cloud-cli-config-connector google-cloud-cli-kubectl-oidc google-cloud-cli-spanner-migration-tool google-cloud-cli-anthoscli google-cloud-cli-nomos google-cloud-cli-app-engine-python google-cloud-cli-kpt google-cloud-cli-terraform-tools google-cloud-cli-cloud-run-proxy google-cloud-cli-managed-flink-client google-cloud-cli-local-extract google-cloud-cli-minikube google-cloud-cli-cloud-build-local google-cloud-cli-app-engine-go google-cloud-cli-gke-gcloud-auth-plugin google-cloud-cli-anthos-auth google-cloud-cli-harbourbridge google-cloud-cli-log-streaming google-cloud-cli-skaffold google-cloud-cli-app-engine-java google-cloud-cli-bigtable-emulator google-cloud-cli-spanner-emulator kubectl google-cloud-cli-firestore-emulator google-cloud-cli-cbt google-cloud-cli-pubsub-emulator google-cloud-cli-app-engine-grpc google-cloud-cli-datastore-emulator google-cloud-cli-package-go-module


