2025-01-17 03:14:23,079 DEBUG    root            Loaded Command Group: ['gcloud', 'config']
2025-01-17 03:14:23,085 DEBUG    root            Loaded Command Group: ['gcloud', 'config', 'config_helper']
2025-01-17 03:14:23,088 DEBUG    root            Running [gcloud.config.config-helper] with arguments: [--format: "json"]
2025-01-17 03:14:23,103 DEBUG    root            Chosen display Format:default json
2025-01-17 03:14:23,103 INFO     root            Display format: "default json"
2025-01-17 03:14:23,119 INFO     ___FILE_ONLY___ {
  "configuration": {
    "active_configuration": "default",
    "properties": {
      "core": {
        "account": "575618077491-compute@developer.gserviceaccount.com",
        "disable_usage_reporting": "False",
        "project": "svc-250115"
      }
    }
  },
  "credential": {
    "access_token": "ya29.c.c0ASRK0GbCJpn3BGikAIslI75GBUQLB0SdqLhIQcxboawXBADNUrttskcUv7AOfLvvZwNkN1t4fb8dfbZ1E8vMOL7FCgqnDStwLwCRSHEjSfLkh28FuL6RfQgiZedutW4Zsmp_1CfYvz9hWyQuQi5ZyA_CSX8RS4zUHCcsbxGgDjVQrL7yt1RlbHiHYfcx-eBXWEMRYIBz34Lt8FW9w6uWjNFTElGc44GbgBjfuFiY68Z2AHjQ9V7yrDR0I4Yf_KrXgoNWq-8g0qcq_YfA0VVPKzpLjUBXNqo-KIRFMTfgtdBZJ_uiJbi9mPB7vjCevQwoCWAFd3xg59x7QPuYG77ffQ_g9UnMcvK0Pq4zJlQudyUWJlnn-b4zko5-68Tl8IP-mpKH0JugEpOQG-BzXHQE412PjdS7mFwjb6je8WV_8Fl8x4xOVUmamXu2Qam5u2oWl7nRV4isRQhXzUptZUWoI3jzwh3t9Shb4XJxmJWSyd2jqzV_FvZFRux_vBha6h2fF2zka0scdzfkRW5R9MBpc0ngusq5iY8v0ea7Bzm4tSVrrrXFmazfkuUc7znBFovUV4llypueqVw2fdtUjSBg-gnU5gwhsxd-F_RSf2lvk7j2qIUSnd0BBnF1vq68R7p_Rcxy1kMu2F76tZnYJbuw1qIj_n2eYZWIiFzdgYe5zF4Fnx5weY4lfa2nIup8wI7dno_r9iaviFe44eYVt0p-sOeUVw0kva6kZl5hXqlJYYVMSwUR0e4Jly_e-qqIradoFgRQpovk73rF5jISzW0qztR_ixpXlthd6nMXn7FWUx_FrrZt_vssz6FZ2lYbritV5jyFbZx4jxrXz9OnxdQFM12Snvgwi5yxXR7MYrsJ5-kly_VrYh-dd7rwXi7-yY68InuByJ5wZlsaaFeMxxxdw4s_7I0cYy91XyrtzuswoOk8Jm-JQWlcgOn8kcBoenVWxirVvxuaeSwbBJxklv20848WZh9r5cjywp9B3ehlod60RJbMgg6jmpc",
    "id_token": "eyJhbGciOiJSUzI1NiIsImtpZCI6ImRkMTI1ZDVmNDYyZmJjNjAxNGFlZGFiODFkZGYzYmNlZGFiNzA4NDciLCJ0eXAiOiJKV1QifQ.eyJhdWQiOiIzMjU1NTk0MDU1OS5hcHBzLmdvb2dsZXVzZXJjb250ZW50LmNvbSIsImF6cCI6IjExNzU3MzIwOTUwNDA5MzI4OTEzNCIsImV4cCI6MTczNzA4NzE3MywiaWF0IjoxNzM3MDgzNTczLCJpc3MiOiJodHRwczovL2FjY291bnRzLmdvb2dsZS5jb20iLCJzdWIiOiIxMTc1NzMyMDk1MDQwOTMyODkxMzQifQ.Y3zl1x-h8seV-xBZ59EWs9ffif5o0kvyBL8nRjXuSBFlMwp8QaQ1fVrO-JdiN1M6rICFHe4s7Xex1fGLc6WgaI8kByoQLlACmWNwtcibge-QLCjQl48y95CfBmRtchKkLBcw_E-MhydQ3MuIcuPmP--n8xk3aHHINQQ2MIoVTyFmdMt_496yk86UAG51wlkndnPBCA9xykhu_Xri7T12l5n0cB7opFyAPqkzb54Hh8RBtegmF3I0LdGQZLHiiAWAVnG-hv9mPpVTRjkLQBdPuqXgXsC2o83lp4J7kxUqhteTWkef-7MO0DlfPU_XoZFXXRRKixKRHgUbXkcE0AoCdA",
    "token_expiry": "2025-01-17T04:02:48Z"
  },
  "sentinels": {
    "config_sentinel": "/home/mzs01-dianak/.config/gcloud/config_sentinel"
  }
}
2025-01-17 03:14:23,119 INFO     ___FILE_ONLY___ 

2025-01-17 03:14:23,120 DEBUG    root            SDK update checks are disabled.
2025-01-17 03:14:23,124 DEBUG    root            Metrics reporting process started...
